<?xml version="1.0" encoding="UTF-8"?>
<!-- Generated by org.testng.reporters.JUnitReportReporter -->
<testsuite hostname="DESKTOP-UO09EH4" failures="0" tests="7" name="S1_StreamsTest" time="0.247" errors="0" timestamp="2024-02-08T18:59:36 IST" skipped="0">
  <testcase classname="S1_StreamsTest" name="Test5" time="0.019"/>
  <testcase classname="S1_StreamsTest" name="Test3" time="0.085"/>
  <testcase classname="S1_StreamsTest" name="Test2" time="0.007"/>
  <testcase classname="S1_StreamsTest" name="Test4" time="0.009"/>
  <testcase classname="S1_StreamsTest" name="Test6" time="0.024"/>
  <testcase classname="S1_StreamsTest" name="Test7" time="0.006"/>
  <testcase classname="S1_StreamsTest" name="Test1" time="0.097"/>
</testsuite> <!-- S1_StreamsTest -->
