<?xml version="1.0" encoding="UTF-8"?>
<!-- Generated by org.testng.reporters.JUnitReportReporter -->
<testsuite hostname="DESKTOP-UO09EH4" failures="0" tests="1" name="C22_Download_Upload" time="30.755" errors="0" timestamp="2024-03-08T23:59:37 IST" skipped="0">
  <testcase classname="C22_Download_Upload" name="Test1" time="30.755"/>
</testsuite> <!-- C22_Download_Upload -->
