<?xml version="1.0" encoding="UTF-8"?>
<!-- Generated by org.testng.reporters.JUnitReportReporter -->
<testsuite hostname="DESKTOP-UO09EH4" failures="0" tests="7" name="S1_StreamsTest" time="0.113" errors="0" timestamp="2024-03-07T15:43:05 IST" skipped="0">
  <testcase classname="S1_StreamsTest" name="Test5" time="0.021"/>
  <testcase classname="S1_StreamsTest" name="Test3" time="0.010"/>
  <testcase classname="S1_StreamsTest" name="Test2" time="0.019"/>
  <testcase classname="S1_StreamsTest" name="Test4" time="0.012"/>
  <testcase classname="S1_StreamsTest" name="Test6" time="0.010"/>
  <testcase classname="S1_StreamsTest" name="Test7" time="0.012"/>
  <testcase classname="S1_StreamsTest" name="Test1" time="0.029"/>
</testsuite> <!-- S1_StreamsTest -->
