<?xml version="1.0" encoding="UTF-8"?>
<!-- Generated by org.testng.reporters.JUnitReportReporter -->
<testsuite hostname="DESKTOP-UO09EH4" failures="0" tests="1" name="C24_AutoIT_FileUpload" time="29.120" errors="0" timestamp="2024-03-10T16:47:27 IST" skipped="0">
  <testcase classname="C24_AutoIT_FileUpload" name="Test1" time="29.120"/>
</testsuite> <!-- C24_AutoIT_FileUpload -->
