<?xml version="1.0" encoding="UTF-8"?>
<!-- Generated by org.testng.reporters.JUnitReportReporter -->
<testsuite hostname="DESKTOP-UO09EH4" failures="0" tests="1" name="C4_AutoIT" time="23.359" errors="0" timestamp="2024-03-10T16:11:00 IST" skipped="0">
  <testcase classname="C4_AutoIT" name="Test1" time="23.359"/>
</testsuite> <!-- C4_AutoIT -->
