<?xml version="1.0" encoding="UTF-8"?>
<!-- Generated by org.testng.reporters.JUnitReportReporter -->
<testsuite hostname="DESKTOP-UO09EH4" failures="0" tests="1" name="C23_BasicAuth" time="46.432" errors="0" timestamp="2024-03-10T15:45:02 IST" skipped="0">
  <testcase classname="C23_BasicAuth" name="Test1" time="46.432"/>
</testsuite> <!-- C23_BasicAuth -->
